
Showing logs for build [32mcb-kubecd-environment-pr-187-29-nzh6d-1[0m stage [32mfrom-build-pack[0m and container [32mstep-credential-initializer-nzvwp[0m
{"level":"warn","ts":1584809228.711673,"logger":"fallback-logger","caller":"logging/config.go:69","msg":"Fetch GitHub commit ID from kodata failed: \"ref: refs/heads/0.8.0-**-support-backwards-incompats\" is not a valid GitHub commit ID"}
{"level":"info","ts":1584809228.7122061,"logger":"fallback-logger","caller":"creds-init/main.go:40","msg":"Credentials initialized."}

Showing logs for build [32mcb-kubecd-environment-pr-187-29-nzh6d-1[0m stage [32mfrom-build-pack[0m and container [32mstep-working-dir-initializer-htx6t[0m
{"level":"warn","ts":1584809229.3896236,"logger":"fallback-logger","caller":"logging/config.go:69","msg":"Fetch GitHub commit ID from kodata failed: open /var/run/ko/HEAD: no such file or directory"}
{"level":"info","ts":1584809229.392642,"logger":"fallback-logger","caller":"bash/main.go:64","msg":"Successfully executed command \"sh -c mkdir -p /workspace/source\"; output "}

Showing logs for build [32mcb-kubecd-environment-pr-187-29-nzh6d-1[0m stage [32mfrom-build-pack[0m and container [32mstep-place-tools[0m

Showing logs for build [32mcb-kubecd-environment-pr-187-29-nzh6d-1[0m stage [32mfrom-build-pack[0m and container [32mstep-git-source-cb-kubecd-environment-pr-187-29-nzh6d-vzsw8[0m
{"level":"warn","ts":1584809234.679461,"logger":"fallback-logger","caller":"logging/config.go:69","msg":"Fetch GitHub commit ID from kodata failed: \"ref: refs/heads/0.8.0-**-support-backwards-incompats\" is not a valid GitHub commit ID"}
{"level":"info","ts":1584809235.7586918,"logger":"fallback-logger","caller":"git/git.go:103","msg":"Successfully cloned https://github.com/cb-kubecd/environment-pr-187-29-boot-gke-staging.git @ master in path /workspace/source"}

Showing logs for build [32mcb-kubecd-environment-pr-187-29-nzh6d-1[0m stage [32mfrom-build-pack[0m and container [32mstep-git-merge[0m
Using SHAs from PULL_REFS=master:b2c31168c368a1d8a7fcb6121849cbd3fbb886c6,2:e1a9f0f70bd4718718bc6e42dceb1cae086d5402
DEBUG: LC_ALL=C JX_LOG_LEVEL=error git fetch origin --unshallow e1a9f0f70bd4718718bc6e42dceb1cae086d5402: b2c31168c368a1d8a7fcb6121849cbd3fbb886c6:
DEBUG: ran git fetch --unshallow origin e1a9f0f70bd4718718bc6e42dceb1cae086d5402: b2c31168c368a1d8a7fcb6121849cbd3fbb886c6: in 
DEBUG: LC_ALL=C JX_LOG_LEVEL=error git branch
DEBUG: LC_ALL=C JX_LOG_LEVEL=error git checkout master
DEBUG: ran git checkout master in 
DEBUG: LC_ALL=C JX_LOG_LEVEL=error git reset --hard b2c31168c368a1d8a7fcb6121849cbd3fbb886c6
DEBUG: ran git reset --hard b2c31168c368a1d8a7fcb6121849cbd3fbb886c6 in 
DEBUG: LC_ALL=C JX_LOG_LEVEL=error git clean -fd .
DEBUG: ran clean --force -d . in 
DEBUG: LC_ALL=C JX_LOG_LEVEL=error git merge e1a9f0f70bd4718718bc6e42dceb1cae086d5402
DEBUG: ran git merge e1a9f0f70bd4718718bc6e42dceb1cae086d5402 in 
DEBUG: JX_LOG_LEVEL=error LC_ALL=C git log --format=%H%x1f%an%x1f%ae%x1f%cn%x1f%ce%x1f%s%n%b%x1e b2c31168c368a1d8a7fcb6121849cbd3fbb886c6..HEAD
Merged SHA e1a9f0f70bd4718718bc6e42dceb1cae086d5402 with commit message 'chore: Promote bdd-gh-1584808946 to version 0.0.1' into base branch master

Showing logs for build [32mcb-kubecd-environment-pr-187-29-nzh6d-1[0m stage [32mfrom-build-pack[0m and container [32mstep-build-helm-build[0m
WARNING: No $CHART_REPOSITORY defined so using the default value of: http://jenkins-x-chartmuseum:8080
Adding missing Helm repo: storage.googleapis.com https://storage.googleapis.com/chartmuseum.jenkins-x.io
WARNING: No secrets found on "helm/repos" due: reading the secret "helm/repos" from vault: no secret "helm/repos" not found in vault
Read credentials for https://storage.googleapis.com/chartmuseum.jenkins-x.io from vault helm/repos
Successfully added Helm repository storage.googleapis.com.
Adding missing Helm repo: jenkins-x-chartmuseum http://jenkins-x-chartmuseum:8080
WARNING: No secrets found on "helm/repos" due: reading the secret "helm/repos" from vault: no secret "helm/repos" not found in vault
Read credentials for http://jenkins-x-chartmuseum:8080 from vault helm/repos
Successfully added Helm repository jenkins-x-chartmuseum.
WARNING: No $CHART_REPOSITORY defined so using the default value of: http://jenkins-x-chartmuseum:8080
Adding missing Helm repo: chartmuseum.jenkins-x.io http://chartmuseum.jenkins-x.io
WARNING: No secrets found on "helm/repos" due: reading the secret "helm/repos" from vault: no secret "helm/repos" not found in vault
Read credentials for http://chartmuseum.jenkins-x.io from vault helm/repos
Successfully added Helm repository chartmuseum.jenkins-x.io.
